{
  "RSpec": {
    "coverage": {
      "/Users/vivianallen/projects/makers-course/oystercard/spec/journey_log_spec.rb": [
        1,
        null,
        1,
        null,
        1,
        1,
        null,
        null,
        null,
        null,
        2,
        null,
        2,
        2,
        null,
        null,
        null,
        null,
        null,
        1,
        1,
        null,
        null,
        null,
        null,
        null,
        3,
        3,
        null,
        1,
        2,
        1,
        1,
        1,
        1,
        null,
        null,
        null,
        1,
        1,
        1,
        1,
        1,
        1,
        1,
        null,
        1,
        1,
        1,
        1,
        1,
        null,
        null,
        null,
        null
      ],
      "/Users/vivianallen/projects/makers-course/oystercard/lib/journey_log.rb": [
        1,
        null,
        1,
        3,
        3,
        null,
        null,
        1,
        3,
        null,
        null,
        1,
        3,
        2,
        null,
        1,
        null,
        null,
        null,
        1,
        3,
        null,
        null,
        1,
        null,
        1,
        3,
        null,
        null
      ],
      "/Users/vivianallen/projects/makers-course/oystercard/spec/journey_spec.rb": [
        1,
        1,
        13,
        3,
        null,
        1,
        3,
        1,
        1,
        null,
        1,
        1,
        1,
        null,
        null,
        null,
        1,
        5,
        1,
        1,
        null,
        1,
        1,
        null,
        1,
        1,
        null,
        1,
        1,
        null,
        null,
        null,
        1,
        5,
        1,
        4,
        null,
        1,
        1,
        null,
        1,
        1,
        null,
        1,
        1,
        null,
        1,
        1,
        null,
        null,
        null,
        1,
        2,
        1,
        1,
        null,
        1,
        1,
        null,
        null,
        1,
        null,
        1,
        1,
        100,
        100,
        100,
        100,
        100,
        100,
        100,
        100,
        null,
        null,
        null,
        null,
        null,
        null
      ],
      "/Users/vivianallen/projects/makers-course/oystercard/lib/journey.rb": [
        1,
        1,
        null,
        1,
        1,
        null,
        1,
        115,
        115,
        115,
        null,
        null,
        1,
        108,
        108,
        null,
        null,
        1,
        105,
        null,
        null,
        1,
        102,
        null,
        null,
        1,
        null,
        1,
        100,
        null,
        null,
        null
      ],
      "/Users/vivianallen/projects/makers-course/oystercard/spec/oystercard_spec.rb": [
        1,
        null,
        1,
        null,
        4,
        9,
        null,
        null,
        9,
        null,
        null,
        null,
        null,
        9,
        null,
        null,
        9,
        9,
        9,
        null,
        1,
        1,
        1,
        null,
        1,
        4,
        null,
        1,
        1,
        2,
        null,
        null,
        null,
        null,
        1,
        1,
        1,
        1,
        null,
        null,
        null,
        null,
        null,
        1,
        1,
        2,
        null,
        1,
        1,
        1,
        1,
        null,
        null,
        1,
        1,
        1,
        1,
        null,
        null,
        null,
        null,
        1,
        1,
        1,
        1,
        null,
        null,
        null,
        1,
        1,
        1,
        1,
        1,
        1,
        1,
        null,
        null,
        null,
        null,
        null,
        null,
        null,
        null
      ],
      "/Users/vivianallen/projects/makers-course/oystercard/lib/oystercard.rb": [
        1,
        1,
        1,
        1,
        null,
        1,
        null,
        1,
        1,
        null,
        1,
        null,
        8,
        8,
        8,
        null,
        null,
        1,
        null,
        6,
        5,
        null,
        null,
        1,
        null,
        2,
        1,
        null,
        null,
        1,
        1,
        null,
        null,
        1,
        12,
        null,
        null,
        1,
        1,
        null,
        null,
        1,
        1,
        0,
        null,
        1,
        null,
        null,
        null,
        1,
        null,
        1,
        13,
        null,
        null,
        1,
        12,
        3,
        null,
        null,
        null,
        1,
        12,
        24,
        null,
        null,
        null,
        1,
        2,
        null,
        null,
        1,
        1,
        1,
        2,
        null,
        null,
        1,
        null,
        null,
        null
      ],
      "/Users/vivianallen/projects/makers-course/oystercard/lib/station.rb": [
        1,
        null,
        1,
        null,
        1,
        2,
        2,
        null,
        null,
        null
      ],
      "/Users/vivianallen/projects/makers-course/oystercard/lib/printer.rb": [
        1,
        null,
        1,
        2,
        2,
        4,
        null,
        null,
        null,
        null,
        2,
        null,
        null,
        1,
        null,
        1,
        4,
        null,
        null,
        1,
        8,
        null,
        null,
        1,
        8,
        null,
        null,
        1,
        8,
        null,
        null
      ],
      "/Users/vivianallen/projects/makers-course/oystercard/spec/printer_spec.rb": [
        1,
        null,
        1,
        3,
        3,
        3,
        3,
        null,
        null,
        null,
        null,
        null,
        2,
        null,
        null,
        null,
        null,
        null,
        null,
        1,
        1,
        1,
        null,
        null,
        null,
        null,
        null,
        null,
        null,
        null,
        null,
        null,
        1,
        1,
        1,
        null,
        null,
        null,
        null,
        null,
        null,
        null,
        null,
        null,
        null,
        null,
        null,
        null
      ],
      "/Users/vivianallen/projects/makers-course/oystercard/spec/station_spec.rb": [
        1,
        null,
        1,
        null,
        3,
        null,
        1,
        null,
        1,
        1,
        1,
        null,
        null,
        null,
        1,
        1,
        1,
        null,
        null,
        null,
        null,
        null
      ]
    },
    "timestamp": 1520002669
  }
}
